Arguments: 
  /Users/jesperklitgaard/.nvm/versions/node/v16.13.0/bin/node /usr/local/bin/yarn install

PATH: 
  /Users/jesperklitgaard/.nvm/versions/node/v16.13.0/bin:/opt/homebrew/bin:/opt/homebrew/sbin:/usr/local/bin:/System/Cryptexes/App/usr/bin:/usr/bin:/bin:/usr/sbin:/sbin

Yarn version: 
  1.22.17

Node version: 
  16.13.0

Platform: 
  darwin arm64

Trace: 
  SyntaxError: /Users/jesperklitgaard/Documents/Projects/websites/random-cityplan-generator/package.json: Unexpected token } in JSON at position 198
      at JSON.parse (<anonymous>)
      at /usr/local/lib/node_modules/yarn/lib/cli.js:1625:59
      at Generator.next (<anonymous>)
      at step (/usr/local/lib/node_modules/yarn/lib/cli.js:310:30)
      at /usr/local/lib/node_modules/yarn/lib/cli.js:321:13

npm manifest: 
  {
    "dependencies": {
      "@react-three/fiber": "^8.10.1",
      "@types/three": "^0.148.1",
      "three": "^0.149.0",
      "react": "18.2.0",
      "react-dom": "18.2.0",
      "react-scripts": "5.0.1",
    },
    "scripts": {
      "start": "react-scripts start",
      "build": "react-scripts build",
      "test": "react-scripts test --env=jsdom",
      "eject": "react-scripts eject"
    },
  }

yarn manifest: 
  No manifest

Lockfile: 
  No lockfile
